# JRE version: Java(TM) SE Runtime Environment (20.0.2+9) (build 20.0.2+9-78)
# Java VM: Java HotSpot(TM) 64-Bit Server VM (20.0.2+9-78, mixed mode, sharing, tiered, compressed oops, compressed class ptrs, g1 gc, windows-amd64)
GC Precious Log:
 CardTable entry size: 512
 Card Set container configuration: InlinePtr #cards 4 size 8 Array Of Cards #cards 64 size 144 Howl #buckets 8 coarsen threshold 14745 Howl Bitmap #cards 2048 size 272 coarsen threshold 1843 Card regions per heap region 1 cards per card region 16384
 CPUs: 8 total, 8 available
 Memory: 16075M
 Large Page Support: Disabled
 NUMA Support: Disabled
 Compressed Oops: Enabled (Zero based)
 Heap Region Size: 8M
 Heap Min Capacity: 8M
 Heap Initial Capacity: 256M
 Heap Max Capacity: 10G
 Pre-touch: Disabled
 Parallel Workers: 8
 Concurrent Workers: 2
 Concurrent Refinement Workers: 8
 Periodic GC: Disabled
Heap:
 garbage-first heap   total 475136K, used 29380K [0x0000000580000000, 0x0000000800000000)
  region size 8192K, 2 young (16384K), 2 survivors (16384K)
 Metaspace       used 12346K, committed 12544K, reserved 1114112K
  class space    used 1259K, committed 1344K, reserved 1048576K
GC Heap History (20 events):
Event: 1006.438 GC heap after
{Heap after GC invocations=6827 (full 161):
 garbage-first heap   total 327680K, used 21357K [0x0000000580000000, 0x0000000800000000)
  region size 8192K, 1 young (8192K), 1 survivors (8192K)
 Metaspace       used 12346K, committed 12544K, reserved 1114112K
  class space    used 1259K, committed 1344K, reserved 1048576K
}
Event: 1006.587 GC heap before
{Heap before GC invocations=6827 (full 161):
 garbage-first heap   total 327680K, used 209773K [0x0000000580000000, 0x0000000800000000)
  region size 8192K, 24 young (196608K), 1 survivors (8192K)
 Metaspace       used 12346K, committed 12544K, reserved 1114112K
  class space    used 1259K, committed 1344K, reserved 1048576K
}
Event: 1006.591 GC heap after
{Heap after GC invocations=6828 (full 161):
 garbage-first heap   total 393216K, used 21853K [0x0000000580000000, 0x0000000800000000)
  region size 8192K, 1 young (8192K), 1 survivors (8192K)
 Metaspace       used 12346K, committed 12544K, reserved 1114112K
  class space    used 1259K, committed 1344K, reserved 1048576K
}
Event: 1006.852 GC heap before
{Heap before GC invocations=6828 (full 161):
 garbage-first heap   total 393216K, used 243037K [0x0000000580000000, 0x0000000800000000)
  region size 8192K, 28 young (229376K), 1 survivors (8192K)
 Metaspace       used 12346K, committed 12544K, reserved 1114112K
  class space    used 1259K, committed 1344K, reserved 1048576K
}
Event: 1006.858 GC heap after
{Heap after GC invocations=6829 (full 161):
 garbage-first heap   total 393216K, used 22931K [0x0000000580000000, 0x0000000800000000)
  region size 8192K, 1 young (8192K), 1 survivors (8192K)
 Metaspace       used 12346K, committed 12544K, reserved 1114112K
  class space    used 1259K, committed 1344K, reserved 1048576K
}
Event: 1007.085 GC heap before
{Heap before GC invocations=6829 (full 161):
 garbage-first heap   total 393216K, used 244115K [0x0000000580000000, 0x0000000800000000)
  region size 8192K, 28 young (229376K), 1 survivors (8192K)
 Metaspace       used 12346K, committed 12544K, reserved 1114112K
  class space    used 1259K, committed 1344K, reserved 1048576K
}
Event: 1007.090 GC heap after
{Heap after GC invocations=6830 (full 161):
 garbage-first heap   total 393216K, used 23771K [0x0000000580000000, 0x0000000800000000)
  region size 8192K, 1 young (8192K), 1 survivors (8192K)
 Metaspace       used 12346K, committed 12544K, reserved 1114112K
  class space    used 1259K, committed 1344K, reserved 1048576K
}
Event: 1007.373 GC heap before
{Heap before GC invocations=6830 (full 161):
 garbage-first heap   total 393216K, used 244955K [0x0000000580000000, 0x0000000800000000)
  region size 8192K, 28 young (229376K), 1 survivors (8192K)
 Metaspace       used 12346K, committed 12544K, reserved 1114112K
  class space    used 1259K, committed 1344K, reserved 1048576K
}
Event: 1007.376 GC heap after
{Heap after GC invocations=6831 (full 161):
 garbage-first heap   total 393216K, used 24217K [0x0000000580000000, 0x0000000800000000)
  region size 8192K, 1 young (8192K), 1 survivors (8192K)
 Metaspace       used 12346K, committed 12544K, reserved 1114112K
  class space    used 1259K, committed 1344K, reserved 1048576K
}
Event: 1007.691 GC heap before
{Heap before GC invocations=6831 (full 161):
 garbage-first heap   total 393216K, used 245401K [0x0000000580000000, 0x0000000800000000)
  region size 8192K, 28 young (229376K), 1 survivors (8192K)
 Metaspace       used 12346K, committed 12544K, reserved 1114112K
  class space    used 1259K, committed 1344K, reserved 1048576K
}
Event: 1007.695 GC heap after
{Heap after GC invocations=6832 (full 161):
 garbage-first heap   total 475136K, used 25267K [0x0000000580000000, 0x0000000800000000)
  region size 8192K, 1 young (8192K), 1 survivors (8192K)
 Metaspace       used 12346K, committed 12544K, reserved 1114112K
  class space    used 1259K, committed 1344K, reserved 1048576K
}
Event: 1008.034 GC heap before
{Heap before GC invocations=6832 (full 161):
 garbage-first heap   total 475136K, used 295603K [0x0000000580000000, 0x0000000800000000)
  region size 8192K, 34 young (278528K), 1 survivors (8192K)
 Metaspace       used 12346K, committed 12544K, reserved 1114112K
  class space    used 1259K, committed 1344K, reserved 1048576K
}
Event: 1008.038 GC heap after
{Heap after GC invocations=6833 (full 161):
 garbage-first heap   total 475136K, used 25537K [0x0000000580000000, 0x0000000800000000)
  region size 8192K, 1 young (8192K), 1 survivors (8192K)
 Metaspace       used 12346K, committed 12544K, reserved 1114112K
  class space    used 1259K, committed 1344K, reserved 1048576K
}
Event: 1008.288 GC heap before
{Heap before GC invocations=6833 (full 161):
 garbage-first heap   total 475136K, used 295873K [0x0000000580000000, 0x0000000800000000)
  region size 8192K, 34 young (278528K), 1 survivors (8192K)
 Metaspace       used 12346K, committed 12544K, reserved 1114112K
  class space    used 1259K, committed 1344K, reserved 1048576K
}
Event: 1008.292 GC heap after
{Heap after GC invocations=6834 (full 161):
 garbage-first heap   total 475136K, used 26795K [0x0000000580000000, 0x0000000800000000)
  region size 8192K, 2 young (16384K), 2 survivors (16384K)
 Metaspace       used 12346K, committed 12544K, reserved 1114112K
  class space    used 1259K, committed 1344K, reserved 1048576K
}
Event: 1008.547 GC heap before
{Heap before GC invocations=6834 (full 161):
 garbage-first heap   total 475136K, used 288939K [0x0000000580000000, 0x0000000800000000)
  region size 8192K, 34 young (278528K), 2 survivors (16384K)
 Metaspace       used 12346K, committed 12544K, reserved 1114112K
  class space    used 1259K, committed 1344K, reserved 1048576K
}
Event: 1008.551 GC heap after
{Heap after GC invocations=6835 (full 161):
 garbage-first heap   total 475136K, used 28147K [0x0000000580000000, 0x0000000800000000)
  region size 8192K, 2 young (16384K), 2 survivors (16384K)
 Metaspace       used 12346K, committed 12544K, reserved 1114112K
  class space    used 1259K, committed 1344K, reserved 1048576K
}
Event: 1008.870 GC heap before
{Heap before GC invocations=6835 (full 161):
 garbage-first heap   total 475136K, used 290291K [0x0000000580000000, 0x0000000800000000)
  region size 8192K, 34 young (278528K), 2 survivors (16384K)
 Metaspace       used 12346K, committed 12544K, reserved 1114112K
  class space    used 1259K, committed 1344K, reserved 1048576K
}
Event: 1008.876 GC heap after
{Heap after GC invocations=6836 (full 161):
 garbage-first heap   total 475136K, used 28804K [0x0000000580000000, 0x0000000800000000)
  region size 8192K, 2 young (16384K), 2 survivors (16384K)
 Metaspace       used 12346K, committed 12544K, reserved 1114112K
  class space    used 1259K, committed 1344K, reserved 1048576K
}
Event: 1009.335 GC heap before
{Heap before GC invocations=6836 (full 161):
 garbage-first heap   total 475136K, used 290948K [0x0000000580000000, 0x0000000800000000)
  region size 8192K, 34 young (278528K), 2 survivors (16384K)
 Metaspace       used 12346K, committed 12544K, reserved 1114112K
  class space    used 1259K, committed 1344K, reserved 1048576K
}

